name: train
run_id: install_deps
env COMSPEC: C:\WINDOWS\system32\cmd.exe
env NUMBER_OF_PROCESSORS: 12
env PATHEXT: .COM;.EXE;.BAT;.CMD;.VBS;.VBE;.JS;.JSE;.WSF;.WSH;.MSC
env PROCESSOR_ARCHITECTURE: AMD64
env PROGRAMDATA: C:\ProgramData
env PROGRAMFILES: C:\Program Files
env PROGRAMFILES(X86): C:\Program Files (x86)
env SYSTEMDRIVE: C:
env SYSTEMROOT: C:\WINDOWS
env TEMP: C:\Users\DELL\AppData\Local\Temp
env TMP: C:\Users\DELL\AppData\Local\Temp
env USERPROFILE: C:\Users\DELL
env LANG: en_US.UTF-8
env PATH: D:\AI_DS\Quarter_3\MLops\Practice\MLOps\Assignment_2_Production_Model_Package\.tox\test_package\Scripts;C:\Users\DELL\miniconda3;C:\Users\DELL\miniconda3\Library\mingw-w64\bin;C:\Users\DELL\miniconda3\Library\usr\bin;C:\Users\DELL\miniconda3\Library\bin;C:\Users\DELL\miniconda3\Scripts;C:\Users\DELL\miniconda3\bin;C:\Users\DELL\miniconda3\condabin;C:\Windows\system32;C:\Windows;C:\Windows\System32\Wbem;C:\Windows\System32\WindowsPowerShell\v1.0;C:\Windows\System32\OpenSSH;C:\Program Files (x86)\NVIDIA Corporation\PhysX\Common;C:\Program Files\NVIDIA Corporation\NVIDIA NvDLISR;C:\Program Files\dotnet;C:\Program Files\Microsoft SQL Server\150\Tools\Binn;C:\WINDOWS\system32;C:\WINDOWS;C:\WINDOWS\System32\Wbem;C:\WINDOWS\System32\WindowsPowerShell\v1.0;C:\WINDOWS\System32\OpenSSH;C:\Program Files\Git\cmd;C:\Program Files\nodejs;C:\Users\DELL\AppData\Local\Microsoft\WindowsApps;C:\Users\DELL\AppData\Local\Programs\Microsoft VS Code\bin;C:\Users\DELL\AppData\Roaming\npm
env PIP_DISABLE_PIP_VERSION_CHECK: 1
env PYTHONIOENCODING: utf-8
env PYTHONPATH: .
env PYTHONHASHSEED: 0
env TOX_ENV_NAME: train
env TOX_WORK_DIR: D:\AI_DS\Quarter_3\MLops\Practice\MLOps\Assignment_2_Production_Model_Package\.tox
env TOX_ENV_DIR: D:\AI_DS\Quarter_3\MLops\Practice\MLOps\Assignment_2_Production_Model_Package\.tox\test_package
env VIRTUAL_ENV: D:\AI_DS\Quarter_3\MLops\Practice\MLOps\Assignment_2_Production_Model_Package\.tox\test_package
env COLUMNS: 162
env LINES: 29
metadata pid: 27048
cwd: D:\AI_DS\Quarter_3\MLops\Practice\MLOps\Assignment_2_Production_Model_Package
allow: D:\AI_DS\Quarter_3\MLops\Practice\MLOps\Assignment_2_Production_Model_Package\.tox\test_package\Scripts\*
cmd: pip install -r D:\AI_DS\Quarter_3\MLops\Practice\MLOps\Assignment_2_Production_Model_Package/requirements/test_requirements.txt
exit_code: 0
Requirement already satisfied: numpy<2.0.0,>=1.21.0 in d:\ai_ds\quarter_3\mlops\practice\mlops\assignment_2_production_model_package\.tox\test_package\lib\site-packages (from -r D:\AI_DS\Quarter_3\MLops\Practice\MLOps\Assignment_2_Production_Model_Package/requirements\requirements.txt (line 4)) (1.24.2)
Requirement already satisfied: pandas<2.0.0,>=1.3.5 in d:\ai_ds\quarter_3\mlops\practice\mlops\assignment_2_production_model_package\.tox\test_package\lib\site-packages (from -r D:\AI_DS\Quarter_3\MLops\Practice\MLOps\Assignment_2_Production_Model_Package/requirements\requirements.txt (line 5)) (1.5.3)
Requirement already satisfied: pydantic<2.0.0,>=1.8.1 in d:\ai_ds\quarter_3\mlops\practice\mlops\assignment_2_production_model_package\.tox\test_package\lib\site-packages (from -r D:\AI_DS\Quarter_3\MLops\Practice\MLOps\Assignment_2_Production_Model_Package/requirements\requirements.txt (line 6)) (1.10.5)
Requirement already satisfied: scikit-learn<2.0.0,>=1.1.3 in d:\ai_ds\quarter_3\mlops\practice\mlops\assignment_2_production_model_package\.tox\test_package\lib\site-packages (from -r D:\AI_DS\Quarter_3\MLops\Practice\MLOps\Assignment_2_Production_Model_Package/requirements\requirements.txt (line 7)) (1.2.1)
Requirement already satisfied: strictyaml<2.0.0,>=1.3.2 in d:\ai_ds\quarter_3\mlops\practice\mlops\assignment_2_production_model_package\.tox\test_package\lib\site-packages (from -r D:\AI_DS\Quarter_3\MLops\Practice\MLOps\Assignment_2_Production_Model_Package/requirements\requirements.txt (line 8)) (1.6.2)
Requirement already satisfied: ruamel.yaml<1.0.0,>=0.16.12 in d:\ai_ds\quarter_3\mlops\practice\mlops\assignment_2_production_model_package\.tox\test_package\lib\site-packages (from -r D:\AI_DS\Quarter_3\MLops\Practice\MLOps\Assignment_2_Production_Model_Package/requirements\requirements.txt (line 9)) (0.17.21)
Collecting feature-engine<2.0.0,>=1.0.2
  Using cached feature_engine-1.5.2-py2.py3-none-any.whl (290 kB)
Requirement already satisfied: joblib<2.0.0,>=1.0.1 in d:\ai_ds\quarter_3\mlops\practice\mlops\assignment_2_production_model_package\.tox\test_package\lib\site-packages (from -r D:\AI_DS\Quarter_3\MLops\Practice\MLOps\Assignment_2_Production_Model_Package/requirements\requirements.txt (line 11)) (1.2.0)
Requirement already satisfied: pytest<8.0.0,>=7.2.0 in d:\ai_ds\quarter_3\mlops\practice\mlops\assignment_2_production_model_package\.tox\test_package\lib\site-packages (from -r D:\AI_DS\Quarter_3\MLops\Practice\MLOps\Assignment_2_Production_Model_Package/requirements/test_requirements.txt (line 4)) (7.2.1)
Requirement already satisfied: python-dateutil>=2.8.1 in d:\ai_ds\quarter_3\mlops\practice\mlops\assignment_2_production_model_package\.tox\test_package\lib\site-packages (from pandas<2.0.0,>=1.3.5->-r D:\AI_DS\Quarter_3\MLops\Practice\MLOps\Assignment_2_Production_Model_Package/requirements\requirements.txt (line 5)) (2.8.2)
Requirement already satisfied: pytz>=2020.1 in d:\ai_ds\quarter_3\mlops\practice\mlops\assignment_2_production_model_package\.tox\test_package\lib\site-packages (from pandas<2.0.0,>=1.3.5->-r D:\AI_DS\Quarter_3\MLops\Practice\MLOps\Assignment_2_Production_Model_Package/requirements\requirements.txt (line 5)) (2022.7.1)
Requirement already satisfied: typing-extensions>=4.2.0 in d:\ai_ds\quarter_3\mlops\practice\mlops\assignment_2_production_model_package\.tox\test_package\lib\site-packages (from pydantic<2.0.0,>=1.8.1->-r D:\AI_DS\Quarter_3\MLops\Practice\MLOps\Assignment_2_Production_Model_Package/requirements\requirements.txt (line 6)) (4.5.0)
Requirement already satisfied: threadpoolctl>=2.0.0 in d:\ai_ds\quarter_3\mlops\practice\mlops\assignment_2_production_model_package\.tox\test_package\lib\site-packages (from scikit-learn<2.0.0,>=1.1.3->-r D:\AI_DS\Quarter_3\MLops\Practice\MLOps\Assignment_2_Production_Model_Package/requirements\requirements.txt (line 7)) (3.1.0)
Requirement already satisfied: scipy>=1.3.2 in d:\ai_ds\quarter_3\mlops\practice\mlops\assignment_2_production_model_package\.tox\test_package\lib\site-packages (from scikit-learn<2.0.0,>=1.1.3->-r D:\AI_DS\Quarter_3\MLops\Practice\MLOps\Assignment_2_Production_Model_Package/requirements\requirements.txt (line 7)) (1.10.1)
Requirement already satisfied: ruamel.yaml.clib>=0.2.6 in d:\ai_ds\quarter_3\mlops\practice\mlops\assignment_2_production_model_package\.tox\test_package\lib\site-packages (from ruamel.yaml<1.0.0,>=0.16.12->-r D:\AI_DS\Quarter_3\MLops\Practice\MLOps\Assignment_2_Production_Model_Package/requirements\requirements.txt (line 9)) (0.2.7)
Collecting statsmodels>=0.11.1
  Using cached statsmodels-0.13.5-cp39-cp39-win_amd64.whl (9.2 MB)
Requirement already satisfied: packaging in d:\ai_ds\quarter_3\mlops\practice\mlops\assignment_2_production_model_package\.tox\test_package\lib\site-packages (from pytest<8.0.0,>=7.2.0->-r D:\AI_DS\Quarter_3\MLops\Practice\MLOps\Assignment_2_Production_Model_Package/requirements/test_requirements.txt (line 4)) (23.0)
Requirement already satisfied: iniconfig in d:\ai_ds\quarter_3\mlops\practice\mlops\assignment_2_production_model_package\.tox\test_package\lib\site-packages (from pytest<8.0.0,>=7.2.0->-r D:\AI_DS\Quarter_3\MLops\Practice\MLOps\Assignment_2_Production_Model_Package/requirements/test_requirements.txt (line 4)) (2.0.0)
Requirement already satisfied: exceptiongroup>=1.0.0rc8 in d:\ai_ds\quarter_3\mlops\practice\mlops\assignment_2_production_model_package\.tox\test_package\lib\site-packages (from pytest<8.0.0,>=7.2.0->-r D:\AI_DS\Quarter_3\MLops\Practice\MLOps\Assignment_2_Production_Model_Package/requirements/test_requirements.txt (line 4)) (1.1.0)
Requirement already satisfied: attrs>=19.2.0 in d:\ai_ds\quarter_3\mlops\practice\mlops\assignment_2_production_model_package\.tox\test_package\lib\site-packages (from pytest<8.0.0,>=7.2.0->-r D:\AI_DS\Quarter_3\MLops\Practice\MLOps\Assignment_2_Production_Model_Package/requirements/test_requirements.txt (line 4)) (22.2.0)
Requirement already satisfied: colorama in d:\ai_ds\quarter_3\mlops\practice\mlops\assignment_2_production_model_package\.tox\test_package\lib\site-packages (from pytest<8.0.0,>=7.2.0->-r D:\AI_DS\Quarter_3\MLops\Practice\MLOps\Assignment_2_Production_Model_Package/requirements/test_requirements.txt (line 4)) (0.4.6)
Requirement already satisfied: pluggy<2.0,>=0.12 in d:\ai_ds\quarter_3\mlops\practice\mlops\assignment_2_production_model_package\.tox\test_package\lib\site-packages (from pytest<8.0.0,>=7.2.0->-r D:\AI_DS\Quarter_3\MLops\Practice\MLOps\Assignment_2_Production_Model_Package/requirements/test_requirements.txt (line 4)) (1.0.0)
Requirement already satisfied: tomli>=1.0.0 in d:\ai_ds\quarter_3\mlops\practice\mlops\assignment_2_production_model_package\.tox\test_package\lib\site-packages (from pytest<8.0.0,>=7.2.0->-r D:\AI_DS\Quarter_3\MLops\Practice\MLOps\Assignment_2_Production_Model_Package/requirements/test_requirements.txt (line 4)) (2.0.1)
Requirement already satisfied: six>=1.5 in d:\ai_ds\quarter_3\mlops\practice\mlops\assignment_2_production_model_package\.tox\test_package\lib\site-packages (from python-dateutil>=2.8.1->pandas<2.0.0,>=1.3.5->-r D:\AI_DS\Quarter_3\MLops\Practice\MLOps\Assignment_2_Production_Model_Package/requirements\requirements.txt (line 5)) (1.16.0)
Requirement already satisfied: patsy>=0.5.2 in d:\ai_ds\quarter_3\mlops\practice\mlops\assignment_2_production_model_package\.tox\test_package\lib\site-packages (from statsmodels>=0.11.1->feature-engine<2.0.0,>=1.0.2->-r D:\AI_DS\Quarter_3\MLops\Practice\MLOps\Assignment_2_Production_Model_Package/requirements\requirements.txt (line 10)) (0.5.3)
Installing collected packages: statsmodels, feature-engine
Successfully installed feature-engine-1.5.2 statsmodels-0.13.5
